{"path":"GET -> /exam/exam/list","time":1576304115626,"level":"info"}
{"path":"GET -> /exam/exam/list","time":1576304117249,"level":"info"}
{"path":"POST -> /exam/result/add","time":1576304553350,"level":"info"}
{"path":"GET -> /exam/exam/findById?examId=8","time":1576304553461,"level":"info"}
{"path":"GET -> /exam/exam/findById?examId=8","time":1576304596762,"level":"info"}
{"path":"GET -> /exam/exam/findById?examId=8","time":1576304612129,"level":"info"}
{"path":"GET -> /exam/exam/findById?examId=1","time":1576304640708,"level":"info"}
{"path":"GET -> /exam/exam/findById?examId=8","time":1576304689532,"level":"info"}
{"path":"POST -> /exam/result/update","time":1576304695869,"level":"info"}
{"path":"GET -> /exam/exam/findById?examId=8","time":1576304713251,"level":"info"}
{"path":"GET -> /exam/exam/findById?examId=8","time":1576304777423,"level":"info"}
{"path":"GET -> /exam/exam/findById?examId=8","time":1576304808254,"level":"info"}
{"path":"GET -> /exam/exam/findById?examId=8","time":1576304813508,"level":"info"}
{"path":"GET -> /exam/exam/findById?examId=8","time":1576304844213,"level":"info"}
{"path":"POST -> /exam/result/update","time":1576304848445,"level":"info"}
{"path":"GET -> /exam/exam/findById?examId=8","time":1576304857355,"level":"info"}
{"path":"POST -> /exam/result/update","time":1576304874885,"level":"info"}
{"path":"GET -> /exam/exam/findById?examId=8","time":1576304878417,"level":"info"}
{"path":"GET -> /exam/exam/findById?examId=8","time":1576304916939,"level":"info"}
{"path":"GET -> /exam/exam/findById?examId=8","time":1576304951004,"level":"info"}
{"path":"GET -> /exam/exam/findById?examId=8","time":1576305029240,"level":"info"}
{"path":"GET -> /exam/exam/findById?examId=8","time":1576305043176,"level":"info"}
{"path":"GET -> /exam/exam/findById?examId=8","time":1576305056465,"level":"info"}
{"path":"POST -> /exam/result/update","time":1576305058930,"level":"info"}
{"path":"GET -> /exam/exam/findById?examId=8","time":1576305068500,"level":"info"}
{"path":"GET -> /exam/exam/findById?examId=8","time":1576305078129,"level":"info"}
{"path":"GET -> /exam/exam/findById?examId=8","time":1576305135415,"level":"info"}
{"path":"GET -> /exam/exam/findById?examId=8","time":1576305145799,"level":"info"}
{"path":"GET -> /exam/exam/findById?examId=8","time":1576305212422,"level":"info"}
{"path":"GET -> /exam/exam/findById?examId=8","time":1576305371004,"level":"info"}
{"path":"GET -> /exam/exam/findById?examId=8","time":1576305436780,"level":"info"}
{"path":"GET -> /exam/exam/findById?examId=8","time":1576305454454,"level":"info"}
{"path":"GET -> /exam/exam/findById?examId=8","time":1576305469368,"level":"info"}
{"path":"GET -> /exam/exam/findById?examId=8","time":1576305506387,"level":"info"}
{"path":"GET -> /exam/exam/findById?examId=8","time":1576305536463,"level":"info"}
{"path":"GET -> /exam/exam/findById?examId=8","time":1576305569343,"level":"info"}
{"path":"POST -> /exam/result/update","time":1576305574692,"level":"info"}
{"path":"POST -> /exam/auth/login","time":1576305675894,"level":"info"}
{"path":"GET -> /exam/exam/list","time":1576305675939,"level":"info"}
{"path":"GET -> /exam/exam/list","time":1576305679313,"level":"info"}
{"path":"GET -> /exam/exam/list","time":1576305710681,"level":"info"}
{"path":"GET -> /exam/exam/list","time":1576306011981,"level":"info"}
{"path":"GET -> /exam/exam/list","time":1576306069963,"level":"info"}
{"path":"POST -> /exam/auth/login","time":1576306643215,"level":"info"}
{"path":"GET -> /exam/exam/list","time":1576306643378,"level":"info"}
{"path":"GET -> /exam/result/list","time":1576306714662,"level":"info"}
{"path":"GET -> /exam/result/list","time":1576306740446,"level":"info"}
{"path":"GET -> /exam/result/list","time":1576306797681,"level":"info"}
{"path":"GET -> /exam/result/list","time":1576306834345,"level":"info"}
{"path":"GET -> /exam/exam/list","time":1576306857982,"level":"info"}
{"path":"GET -> /exam/exam/list","time":1576306909359,"level":"info"}
{"path":"GET -> /exam/exam/list","time":1576306931426,"level":"info"}
{"path":"GET -> /exam/exam/list","time":1576306943291,"level":"info"}
{"path":"GET -> /exam/result/list","time":1576306947519,"level":"info"}
{"path":"GET -> /exam/result/list","time":1576307001312,"level":"info"}
{"path":"GET -> /exam/exam/list","time":1576307011160,"level":"info"}
{"path":"GET -> /exam/exam/list","time":1576307123906,"level":"info"}
{"path":"GET -> /exam/exam/list","time":1576307146502,"level":"info"}
{"path":"GET -> /exam/result/list","time":1576307148469,"level":"info"}
{"path":"GET -> /exam/result/list","time":1576307169477,"level":"info"}
{"path":"GET -> /exam/result/list","time":1576307178064,"level":"info"}
{"path":"GET -> /exam/result/list","time":1576307218050,"level":"info"}
{"path":"POST -> /exam/auth/login","time":1576307286375,"level":"info"}
{"path":"GET -> /exam/exam/list","time":1576307286505,"level":"info"}
{"path":"GET -> /exam/result/list","time":1576307288554,"level":"info"}
{"path":"GET -> /exam/result/list","time":1576307305634,"level":"info"}
{"path":"GET -> /exam/exam/findById?examId=8","time":1576307306901,"level":"info"}
{"path":"GET -> /exam/result/list","time":1576307318611,"level":"info"}
{"path":"GET -> /exam/exam/findById?examId=8","time":1576307319607,"level":"info"}
{"path":"GET -> /exam/result/list","time":1576307343584,"level":"info"}
{"path":"GET -> /exam/exam/list","time":1576307349453,"level":"info"}
{"path":"GET -> /exam/result/list","time":1576307357608,"level":"info"}
{"path":"GET -> /exam/result/list","time":1576307390393,"level":"info"}
{"path":"GET -> /exam/exam/list","time":1576307394058,"level":"info"}
{"path":"GET -> /exam/result/list","time":1576307402814,"level":"info"}
{"path":"GET -> /exam/result/list","time":1576307409984,"level":"info"}
{"path":"GET -> /exam/exam/findById?examId=1","time":1576307424762,"level":"info"}
{"path":"GET -> /exam/exam/findById?examId=8","time":1576307427068,"level":"info"}
{"path":"GET -> /exam/result/list","time":1576307434623,"level":"info"}
{"path":"GET -> /exam/exam/findById?examId=1","time":1576307451922,"level":"info"}
{"path":"GET -> /exam/exam/list","time":1576307454166,"level":"info"}
{"path":"GET -> /exam/result/list","time":1576307455765,"level":"info"}
{"path":"GET -> /exam/exam/findById?examId=1","time":1576307460267,"level":"info"}
{"path":"GET -> /exam/result/list","time":1576307534392,"level":"info"}
{"path":"GET -> /exam/exam/findById?examId=1","time":1576307536754,"level":"info"}
{"path":"GET -> /exam/exam/findById?examId=1","time":1576307542750,"level":"info"}
{"path":"GET -> /exam/exam/findById?examId=1","time":1576307544593,"level":"info"}
{"path":"GET -> /exam/result/list","time":1576307550624,"level":"info"}
{"path":"GET -> /exam/exam/findById?examId=8","time":1576307552874,"level":"info"}
{"path":"GET -> /exam/exam/findById?examId=8","time":1576307672365,"level":"info"}
{"path":"GET -> /exam/result/list","time":1576307679353,"level":"info"}
{"path":"GET -> /exam/exam/findById?examId=8","time":1576307680334,"level":"info"}
{"path":"GET -> /exam/exam/findById?examId=8","time":1576307765398,"level":"info"}
{"path":"GET -> /exam/exam/findById?examId=8","time":1576307777714,"level":"info"}
{"path":"GET -> /exam/exam/findById?examId=8","time":1576307823556,"level":"info"}
{"path":"GET -> /exam/exam/findById?examId=8","time":1576307896740,"level":"info"}
{"path":"POST -> /exam/auth/login","time":1576307922344,"level":"info"}
{"path":"GET -> /exam/exam/list","time":1576307922401,"level":"info"}
{"path":"GET -> /exam/result/list","time":1576307925213,"level":"info"}
{"path":"GET -> /exam/result/list","time":1576307934741,"level":"info"}
{"path":"GET -> /exam/result/list","time":1576308180793,"level":"info"}
{"path":"GET -> /exam/exam/findById?examId=8","time":1576308181953,"level":"info"}
{"path":"GET -> /exam/exam/findById?examId=8","time":1576308194892,"level":"info"}
{"path":"GET -> /exam/result/list","time":1576308196204,"level":"info"}
{"path":"GET -> /exam/result/list","time":1576308197916,"level":"info"}
{"path":"GET -> /exam/exam/findById?examId=8","time":1576308199132,"level":"info"}
{"path":"GET -> /exam/exam/findById?examId=8","time":1576308262612,"level":"info"}
{"path":"GET -> /exam/exam/findById?examId=8","time":1576308265866,"level":"info"}
{"path":"GET -> /exam/exam/findById?examId=8","time":1576308322615,"level":"info"}
{"path":"GET -> /exam/exam/findById?examId=8","time":1576308369513,"level":"info"}
{"path":"GET -> /exam/exam/findById?examId=8","time":1576308371663,"level":"info"}
{"path":"GET -> /exam/exam/findById?examId=8","time":1576308399906,"level":"info"}
{"path":"GET -> /exam/exam/findById?examId=8","time":1576308497819,"level":"info"}
{"path":"GET -> /exam/exam/findById?examId=8","time":1576308559064,"level":"info"}
{"path":"GET -> /exam/exam/findById?examId=8","time":1576308603529,"level":"info"}
{"path":"GET -> /exam/exam/findById?examId=8","time":1576308650815,"level":"info"}
{"path":"GET -> /exam/exam/findById?examId=8","time":1576308671596,"level":"info"}
{"path":"GET -> /exam/exam/findById?examId=8","time":1576308683514,"level":"info"}
{"path":"GET -> /exam/exam/findById?examId=8","time":1576308697187,"level":"info"}
{"path":"GET -> /exam/exam/findById?examId=8","time":1576308767401,"level":"info"}
{"path":"GET -> /exam/exam/findById?examId=8","time":1576308804963,"level":"info"}
{"path":"GET -> /exam/exam/findById?examId=8","time":1576308876589,"level":"info"}
{"path":"GET -> /exam/exam/findById?examId=8","time":1576308954516,"level":"info"}
{"path":"GET -> /exam/exam/findById?examId=8","time":1576308993525,"level":"info"}
{"path":"GET -> /exam/exam/findById?examId=8","time":1576309010642,"level":"info"}
{"path":"GET -> /exam/exam/findById?examId=8","time":1576309101423,"level":"info"}
{"path":"GET -> /exam/exam/findById?examId=8","time":1576309119041,"level":"info"}
{"path":"GET -> /exam/exam/findById?examId=8","time":1576309150648,"level":"info"}
{"path":"GET -> /exam/exam/findById?examId=8","time":1576309177390,"level":"info"}
{"path":"GET -> /exam/exam/findById?examId=1","time":1576309184270,"level":"info"}
{"path":"GET -> /exam/exam/findById?examId=8","time":1576309211252,"level":"info"}
{"path":"POST -> /exam/auth/login","time":1576309219060,"level":"info"}
{"path":"GET -> /exam/exam/list","time":1576309219158,"level":"info"}
{"path":"GET -> /exam/result/list","time":1576309223805,"level":"info"}
{"path":"GET -> /exam/exam/findById?examId=8","time":1576309226393,"level":"info"}
{"path":"GET -> /exam/exam/findById?examId=8","time":1576309264893,"level":"info"}
{"path":"GET -> /exam/exam/findById?examId=8","time":1576309299329,"level":"info"}
{"path":"GET -> /exam/exam/findById?examId=8","time":1576309323592,"level":"info"}
{"path":"GET -> /exam/exam/list","time":1576309324539,"level":"info"}
{"path":"GET -> /exam/result/list","time":1576309327207,"level":"info"}
{"path":"GET -> /exam/exam/list","time":1576309342219,"level":"info"}
{"path":"GET -> /exam/result/list","time":1576309399216,"level":"info"}
{"path":"GET -> /exam/exam/findById?examId=8","time":1576309400821,"level":"info"}
{"path":"GET -> /exam/exam/findById?examId=8","time":1576309424701,"level":"info"}
{"path":"GET -> /exam/exam/findById?examId=8","time":1576309431935,"level":"info"}
{"path":"GET -> /exam/exam/findById?examId=8","time":1576309456516,"level":"info"}
{"path":"GET -> /exam/exam/findById?examId=8","time":1576309489756,"level":"info"}
{"path":"GET -> /exam/exam/findById?examId=8","time":1576309546540,"level":"info"}
{"path":"GET -> /exam/exam/findById?examId=8","time":1576309671212,"level":"info"}
{"path":"GET -> /exam/exam/findById?examId=8","time":1576309738118,"level":"info"}
{"path":"GET -> /exam/exam/findById?examId=8","time":1576309753582,"level":"info"}
{"path":"GET -> /exam/exam/findById?examId=8","time":1576309769669,"level":"info"}
{"path":"GET -> /exam/exam/findById?examId=8","time":1576309806476,"level":"info"}
{"path":"GET -> /exam/exam/findById?examId=8","time":1576309892787,"level":"info"}
{"path":"GET -> /exam/exam/findById?examId=8","time":1576309942611,"level":"info"}
{"path":"GET -> /exam/exam/findById?examId=8","time":1576309969060,"level":"info"}
{"path":"GET -> /exam/exam/findById?examId=8","time":1576309995897,"level":"info"}
{"path":"GET -> /exam/exam/findById?examId=8","time":1576310067785,"level":"info"}
{"path":"GET -> /exam/exam/findById?examId=8","time":1576310095676,"level":"info"}
{"path":"GET -> /exam/exam/findById?examId=8","time":1576310111381,"level":"info"}
{"path":"GET -> /exam/exam/findById?examId=8","time":1576310176574,"level":"info"}
{"path":"GET -> /exam/exam/findById?examId=8","time":1576310268607,"level":"info"}
{"path":"GET -> /exam/exam/findById?examId=8","time":1576310284166,"level":"info"}
{"path":"GET -> /exam/exam/findById?examId=8","time":1576310287979,"level":"info"}
{"path":"GET -> /exam/exam/findById?examId=8","time":1576310317137,"level":"info"}
{"path":"GET -> /exam/exam/findById?examId=8","time":1576310383889,"level":"info"}
{"path":"GET -> /exam/exam/findById?examId=8","time":1576310393678,"level":"info"}
{"path":"GET -> /exam/exam/findById?examId=8","time":1576310466851,"level":"info"}
{"path":"GET -> /exam/exam/findById?examId=8","time":1576310538579,"level":"info"}
{"path":"GET -> /exam/exam/findById?examId=8","time":1576310579545,"level":"info"}
{"path":"GET -> /exam/exam/findById?examId=8","time":1576310614304,"level":"info"}
{"path":"GET -> /exam/exam/findById?examId=8","time":1576310637492,"level":"info"}
{"path":"GET -> /exam/exam/findById?examId=8","time":1576310643720,"level":"info"}
{"path":"GET -> /exam/exam/findById?examId=8","time":1576310657522,"level":"info"}
{"path":"GET -> /exam/exam/findById?examId=8","time":1576310693617,"level":"info"}
{"path":"GET -> /exam/exam/findById?examId=8","time":1576310711467,"level":"info"}
{"path":"GET -> /exam/exam/findById?examId=8","time":1576310742620,"level":"info"}
{"path":"GET -> /exam/exam/findById?examId=8","time":1576310750636,"level":"info"}
{"path":"GET -> /exam/exam/findById?examId=8","time":1576310760686,"level":"info"}
{"path":"GET -> /exam/exam/findById?examId=8","time":1576310764636,"level":"info"}
{"path":"GET -> /exam/exam/findById?examId=8","time":1576312932724,"level":"info"}
{"path":"GET -> /exam/exam/findById?examId=8","time":1576313132074,"level":"info"}
{"path":"GET -> /exam/exam/findById?examId=8","time":1576313155765,"level":"info"}
{"path":"POST -> /exam/auth/login","time":1576313286855,"level":"info"}
{"path":"GET -> /exam/exam/list","time":1576313287149,"level":"info"}
{"path":"GET -> /exam/exam/list","time":1576313332746,"level":"info"}
{"path":"GET -> /exam/result/list","time":1576313355683,"level":"info"}
{"path":"GET -> /exam/exam/findById?examId=1","time":1576313358458,"level":"info"}
{"path":"POST -> /exam/auth/login","time":1576314310175,"level":"info"}
{"path":"GET -> /exam/exam/list","time":1576314310256,"level":"info"}
{"path":"GET -> /exam/result/list","time":1576314318525,"level":"info"}
{"path":"GET -> /exam/exam/findById?examId=8","time":1576314319655,"level":"info"}
{"path":"GET -> /exam/exam/findById?examId=8","time":1576314345345,"level":"info"}
{"path":"GET -> /exam/exam/findById?examId=8","time":1576314479350,"level":"info"}
{"path":"GET -> /exam/exam/findById?examId=8","time":1576314519322,"level":"info"}
{"path":"GET -> /exam/exam/findById?examId=8","time":1576314600385,"level":"info"}
{"path":"GET -> /exam/exam/findById?examId=8","time":1576314607877,"level":"info"}
{"path":"GET -> /exam/exam/findById?examId=8","time":1576314610187,"level":"info"}
{"path":"GET -> /exam/exam/findById?examId=8","time":1576314619483,"level":"info"}
{"path":"GET -> /exam/exam/findById?examId=8","time":1576314645438,"level":"info"}
{"path":"GET -> /exam/exam/findById?examId=8","time":1576314652413,"level":"info"}
{"path":"GET -> /exam/exam/findById?examId=8","time":1576314659481,"level":"info"}
{"path":"GET -> /exam/exam/findById?examId=8","time":1576314730319,"level":"info"}
{"path":"GET -> /exam/exam/findById?examId=8","time":1576314732710,"level":"info"}
{"path":"GET -> /exam/exam/findById?examId=8","time":1576314786169,"level":"info"}
{"path":"GET -> /exam/exam/findById?examId=8","time":1576314795453,"level":"info"}
{"path":"GET -> /exam/exam/findById?examId=8","time":1576314799339,"level":"info"}
{"path":"GET -> /exam/exam/findById?examId=8","time":1576314856960,"level":"info"}
{"path":"GET -> /exam/exam/findById?examId=8","time":1576314871469,"level":"info"}
{"path":"GET -> /exam/exam/findById?examId=8","time":1576314889601,"level":"info"}
{"path":"GET -> /exam/exam/findById?examId=8","time":1576315050157,"level":"info"}
{"path":"GET -> /exam/exam/findById?examId=8","time":1576315070395,"level":"info"}
{"path":"GET -> /exam/exam/findById?examId=8","time":1576315077274,"level":"info"}
{"path":"GET -> /exam/exam/findById?examId=8","time":1576315169395,"level":"info"}
{"path":"GET -> /exam/exam/findById?examId=8","time":1576315176664,"level":"info"}
{"path":"GET -> /exam/exam/findById?examId=8","time":1576315179154,"level":"info"}
{"path":"GET -> /exam/exam/findById?examId=8","time":1576315203551,"level":"info"}
{"path":"GET -> /exam/exam/findById?examId=8","time":1576315220113,"level":"info"}
{"path":"GET -> /exam/exam/findById?examId=8","time":1576315264800,"level":"info"}
{"path":"GET -> /exam/exam/findById?examId=8","time":1576315271818,"level":"info"}
{"path":"GET -> /exam/exam/findById?examId=8","time":1576315356507,"level":"info"}
{"path":"GET -> /exam/exam/findById?examId=8","time":1576315363272,"level":"info"}
{"path":"GET -> /exam/exam/findById?examId=8","time":1576315408769,"level":"info"}
{"path":"GET -> /exam/exam/findById?examId=8","time":1576315422544,"level":"info"}
{"path":"GET -> /exam/exam/findById?examId=8","time":1576315484606,"level":"info"}
{"path":"GET -> /exam/exam/findById?examId=8","time":1576315494355,"level":"info"}
{"path":"GET -> /exam/exam/findById?examId=8","time":1576315517290,"level":"info"}
{"path":"GET -> /exam/exam/findById?examId=8","time":1576315744052,"level":"info"}
{"path":"GET -> /exam/exam/findById?examId=8","time":1576315745219,"level":"info"}
{"path":"POST -> /exam/auth/login","time":1576315750221,"level":"info"}
{"path":"GET -> /exam/exam/list","time":1576315750282,"level":"info"}
{"path":"GET -> /exam/question/list?currentPage=1&everyPage=10","time":1576315755125,"level":"info"}
{"path":"GET -> /exam/result/list","time":1576315759203,"level":"info"}
{"path":"GET -> /exam/result/list","time":1576315768112,"level":"info"}
{"path":"GET -> /exam/exam/findById?examId=8","time":1576315768984,"level":"info"}
{"path":"GET -> /exam/exam/findById?examId=8","time":1576315802089,"level":"info"}
{"path":"GET -> /exam/exam/findById?examId=8","time":1576315884756,"level":"info"}
{"path":"GET -> /exam/exam/findById?examId=8","time":1576315946077,"level":"info"}
{"path":"GET -> /exam/exam/findById?examId=8","time":1576316041505,"level":"info"}
{"path":"GET -> /exam/exam/findById?examId=8","time":1576316077432,"level":"info"}
{"path":"GET -> /exam/exam/findById?examId=8","time":1576316142647,"level":"info"}
{"path":"GET -> /exam/exam/findById?examId=8","time":1576316150259,"level":"info"}
{"path":"GET -> /exam/exam/findById?examId=8","time":1576316172282,"level":"info"}
